2025-05-12 00:04:55,535 - feature_preprocessor_20250512_000452 - INFO - Feature preprocessor initialized for run 20250512_000452
2025-05-12 00:04:55,536 - feature_preprocessor_20250512_000452 - INFO - Starting feature preprocessing fit_transform
2025-05-12 00:04:55,609 - feature_preprocessor_20250512_000452 - INFO - Identified 11 numeric columns
2025-05-12 00:04:55,609 - feature_preprocessor_20250512_000452 - INFO - Applying StandardScaler to numeric columns
2025-05-12 00:04:55,724 - feature_preprocessor_20250512_000452 - INFO - StandardScaler mean values: [ 525.67339078  609.48058675 1713.09575958   11.99487126   10.19384212]...
2025-05-12 00:04:55,725 - feature_preprocessor_20250512_000452 - INFO - StandardScaler scale values: [135.19465505 297.64712951 858.19677029  15.50048198   7.05240463]...
2025-05-12 00:04:55,792 - feature_preprocessor_20250512_000452 - INFO - Identified 38 categorical columns
2025-05-12 00:04:55,813 - feature_preprocessor_20250512_000452 - INFO - Encoding column 'payFrequency' with 5 unique values
2025-05-12 00:04:55,892 - feature_preprocessor_20250512_000452 - INFO - LabelEncoder classes for 'payFrequency': ['B' 'I' 'M' 'S' 'W']...
2025-05-12 00:04:56,008 - feature_preprocessor_20250512_000452 - INFO - Encoding column 'originated' with 2 unique values
2025-05-12 00:04:56,180 - feature_preprocessor_20250512_000452 - INFO - LabelEncoder classes for 'originated': ['False' 'True']...
2025-05-12 00:04:56,299 - feature_preprocessor_20250512_000452 - INFO - Encoding column 'approved' with 2 unique values
2025-05-12 00:04:56,469 - feature_preprocessor_20250512_000452 - INFO - LabelEncoder classes for 'approved': ['False' 'True']...
2025-05-12 00:04:56,583 - feature_preprocessor_20250512_000452 - INFO - Encoding column 'isFunded' with 2 unique values
2025-05-12 00:04:56,752 - feature_preprocessor_20250512_000452 - INFO - LabelEncoder classes for 'isFunded': ['False' 'True']...
2025-05-12 00:04:56,773 - feature_preprocessor_20250512_000452 - INFO - Encoding column 'state' with 41 unique values
2025-05-12 00:04:56,857 - feature_preprocessor_20250512_000452 - INFO - LabelEncoder classes for 'state': ['AK' 'AL' 'AZ' 'CA' 'CO']...
2025-05-12 00:04:56,882 - feature_preprocessor_20250512_000452 - INFO - Encoding column 'leadType' with 10 unique values
2025-05-12 00:04:56,968 - feature_preprocessor_20250512_000452 - INFO - LabelEncoder classes for 'leadType': ['bvMandatory' 'california' 'express' 'instant-offer' 'lead']...
2025-05-12 00:04:56,991 - feature_preprocessor_20250512_000452 - INFO - Encoding column 'fpStatus' with 8 unique values
2025-05-12 00:04:57,078 - feature_preprocessor_20250512_000452 - INFO - LabelEncoder classes for 'fpStatus': ['Cancelled' 'Checked' 'No Payments' 'No Schedule' 'NotFunded']...
2025-05-12 00:04:57,194 - feature_preprocessor_20250512_000452 - INFO - Encoding column 'isCollection' with 2 unique values
2025-05-12 00:04:57,361 - feature_preprocessor_20250512_000452 - INFO - LabelEncoder classes for 'isCollection': ['False' 'True']...
2025-05-12 00:04:57,407 - feature_preprocessor_20250512_000452 - INFO - Encoding column 'paymentStatus' with 7 unique values
2025-05-12 00:04:57,516 - feature_preprocessor_20250512_000452 - INFO - LabelEncoder classes for 'paymentStatus': ['Cancelled' 'Checked' 'Pending' 'Rejected' 'Rejected Awaiting Retry']...
2025-05-12 00:04:57,614 - feature_preprocessor_20250512_000452 - INFO - Encoding column 'paymentReturnCode' with 15 unique values
2025-05-12 00:04:57,785 - feature_preprocessor_20250512_000452 - INFO - LabelEncoder classes for 'paymentReturnCode': ['R01' 'R02' 'R03' 'R04' 'R06']...
2025-05-12 00:04:57,904 - feature_preprocessor_20250512_000452 - INFO - Encoding column 'address_conflict_on_file' with 2 unique values
2025-05-12 00:04:58,078 - feature_preprocessor_20250512_000452 - INFO - LabelEncoder classes for 'address_conflict_on_file': ['False' 'True']...
2025-05-12 00:04:58,194 - feature_preprocessor_20250512_000452 - INFO - Encoding column 'phone_inconsistent_with_address' with 2 unique values
2025-05-12 00:04:58,361 - feature_preprocessor_20250512_000452 - INFO - LabelEncoder classes for 'phone_inconsistent_with_address': ['False' 'True']...
2025-05-12 00:04:58,479 - feature_preprocessor_20250512_000452 - INFO - Encoding column 'age_younger_than_ssn_issue_date' with 2 unique values
2025-05-12 00:04:58,646 - feature_preprocessor_20250512_000452 - INFO - LabelEncoder classes for 'age_younger_than_ssn_issue_date': ['False' 'True']...
2025-05-12 00:04:58,761 - feature_preprocessor_20250512_000452 - INFO - Encoding column 'non_residential_address' with 2 unique values
2025-05-12 00:04:58,929 - feature_preprocessor_20250512_000452 - INFO - LabelEncoder classes for 'non_residential_address': ['False' 'True']...
2025-05-12 00:04:59,044 - feature_preprocessor_20250512_000452 - INFO - Encoding column 'high_risk_address_on_file' with 2 unique values
2025-05-12 00:04:59,212 - feature_preprocessor_20250512_000452 - INFO - LabelEncoder classes for 'high_risk_address_on_file': ['False' 'True']...
2025-05-12 00:04:59,327 - feature_preprocessor_20250512_000452 - INFO - Encoding column 'ssn_reported_frequently_for_another' with 2 unique values
2025-05-12 00:04:59,495 - feature_preprocessor_20250512_000452 - INFO - LabelEncoder classes for 'ssn_reported_frequently_for_another': ['False' 'True']...
2025-05-12 00:04:59,611 - feature_preprocessor_20250512_000452 - INFO - Encoding column 'current_address_reported_lt_90days' with 2 unique values
2025-05-12 00:04:59,778 - feature_preprocessor_20250512_000452 - INFO - LabelEncoder classes for 'current_address_reported_lt_90days': ['False' 'True']...
2025-05-12 00:04:59,893 - feature_preprocessor_20250512_000452 - INFO - Encoding column 'unverified_ssn_issue_date' with 2 unique values
2025-05-12 00:05:00,066 - feature_preprocessor_20250512_000452 - INFO - LabelEncoder classes for 'unverified_ssn_issue_date': ['False' 'True']...
2025-05-12 00:05:00,183 - feature_preprocessor_20250512_000452 - INFO - Encoding column 'inquiries_gt_3_last_30days' with 2 unique values
2025-05-12 00:05:00,350 - feature_preprocessor_20250512_000452 - INFO - LabelEncoder classes for 'inquiries_gt_3_last_30days': ['False' 'True']...
2025-05-12 00:05:00,466 - feature_preprocessor_20250512_000452 - INFO - Encoding column 'non_residential_address_on_file' with 2 unique values
2025-05-12 00:05:00,636 - feature_preprocessor_20250512_000452 - INFO - LabelEncoder classes for 'non_residential_address_on_file': ['False' 'True']...
2025-05-12 00:05:00,752 - feature_preprocessor_20250512_000452 - INFO - Encoding column 'credit_before_ssn_issue_date' with 2 unique values
2025-05-12 00:05:00,918 - feature_preprocessor_20250512_000452 - INFO - LabelEncoder classes for 'credit_before_ssn_issue_date': ['False' 'True']...
2025-05-12 00:05:00,941 - feature_preprocessor_20250512_000452 - INFO - Encoding column 'invalid_driver_license_format' with 3 unique values
2025-05-12 00:05:01,025 - feature_preprocessor_20250512_000452 - INFO - LabelEncoder classes for 'invalid_driver_license_format': ['False' 'True' 'Unknown']...
2025-05-12 00:05:01,141 - feature_preprocessor_20250512_000452 - INFO - Encoding column 'high_risk_inquiry_address' with 2 unique values
2025-05-12 00:05:01,311 - feature_preprocessor_20250512_000452 - INFO - LabelEncoder classes for 'high_risk_inquiry_address': ['False' 'True']...
2025-05-12 00:05:01,425 - feature_preprocessor_20250512_000452 - INFO - Encoding column 'current_address_not_on_file' with 2 unique values
2025-05-12 00:05:01,594 - feature_preprocessor_20250512_000452 - INFO - LabelEncoder classes for 'current_address_not_on_file': ['False' 'True']...
2025-05-12 00:05:01,709 - feature_preprocessor_20250512_000452 - INFO - Encoding column 'high_probability_ssn_belongs_to_another' with 2 unique values
2025-05-12 00:05:01,877 - feature_preprocessor_20250512_000452 - INFO - LabelEncoder classes for 'high_probability_ssn_belongs_to_another': ['False' 'True']...
2025-05-12 00:05:01,992 - feature_preprocessor_20250512_000452 - INFO - Encoding column 'current_address_new_trade_only' with 2 unique values
2025-05-12 00:05:02,161 - feature_preprocessor_20250512_000452 - INFO - LabelEncoder classes for 'current_address_new_trade_only': ['False' 'True']...
2025-05-12 00:05:02,276 - feature_preprocessor_20250512_000452 - INFO - Encoding column 'credit_before_age_18' with 2 unique values
2025-05-12 00:05:02,445 - feature_preprocessor_20250512_000452 - INFO - LabelEncoder classes for 'credit_before_age_18': ['False' 'True']...
2025-05-12 00:05:02,468 - feature_preprocessor_20250512_000452 - INFO - Encoding column 'phone_inconsistent_with_state' with 3 unique values
2025-05-12 00:05:02,551 - feature_preprocessor_20250512_000452 - INFO - LabelEncoder classes for 'phone_inconsistent_with_state': ['False' 'True' 'Unknown']...
2025-05-12 00:05:02,575 - feature_preprocessor_20250512_000452 - INFO - Encoding column 'driver_license_inconsistent_with_file' with 3 unique values
2025-05-12 00:05:02,662 - feature_preprocessor_20250512_000452 - INFO - LabelEncoder classes for 'driver_license_inconsistent_with_file': ['False' 'True' 'Unknown']...
2025-05-12 00:05:02,685 - feature_preprocessor_20250512_000452 - INFO - Encoding column 'work_phone_listed_as_cellphone' with 3 unique values
2025-05-12 00:05:02,771 - feature_preprocessor_20250512_000452 - INFO - LabelEncoder classes for 'work_phone_listed_as_cellphone': ['False' 'True' 'Unknown']...
2025-05-12 00:05:02,795 - feature_preprocessor_20250512_000452 - INFO - Encoding column 'work_phone_listed_as_homephone' with 3 unique values
2025-05-12 00:05:02,879 - feature_preprocessor_20250512_000452 - INFO - LabelEncoder classes for 'work_phone_listed_as_homephone': ['False' 'True' 'Unknown']...
2025-05-12 00:05:02,902 - feature_preprocessor_20250512_000452 - INFO - Encoding column 'ssn_name_match' with 4 unique values
2025-05-12 00:05:02,988 - feature_preprocessor_20250512_000452 - INFO - LabelEncoder classes for 'ssn_name_match': ['match' 'mismatch' 'partial' 'unavailable']...
2025-05-12 00:05:03,013 - feature_preprocessor_20250512_000452 - INFO - Encoding column 'name_address_match' with 5 unique values
2025-05-12 00:05:03,099 - feature_preprocessor_20250512_000452 - INFO - LabelEncoder classes for 'name_address_match': ['invalid' 'match' 'mismatch' 'partial' 'unavailable']...
2025-05-12 00:05:03,126 - feature_preprocessor_20250512_000452 - INFO - Encoding column 'phone_match_result' with 5 unique values
2025-05-12 00:05:03,213 - feature_preprocessor_20250512_000452 - INFO - LabelEncoder classes for 'phone_match_result': ['invalid' 'match' 'mismatch' 'partial' 'unavailable']...
2025-05-12 00:05:03,245 - feature_preprocessor_20250512_000452 - INFO - Encoding column 'phone_match_type_description' with 8 unique values
2025-05-12 00:05:03,330 - feature_preprocessor_20250512_000452 - INFO - LabelEncoder classes for 'phone_match_type_description': ['(A) Address Only' '(F) Full Name Only' '(FA) Full Name and Address'
 '(L) Last Name Only' '(LA) Last Name and Address']...
2025-05-12 00:05:03,354 - feature_preprocessor_20250512_000452 - INFO - Encoding column 'overall_identity_match_result' with 4 unique values
2025-05-12 00:05:03,441 - feature_preprocessor_20250512_000452 - INFO - LabelEncoder classes for 'overall_identity_match_result': ['match' 'mismatch' 'other' 'partial']...
2025-05-12 00:05:03,465 - feature_preprocessor_20250512_000452 - INFO - Encoding column 'ssn_dob_match' with 5 unique values
2025-05-12 00:05:03,554 - feature_preprocessor_20250512_000452 - INFO - LabelEncoder classes for 'ssn_dob_match': ['invalid' 'match' 'mismatch' 'partial' 'unavailable']...
2025-05-12 00:05:03,580 - feature_preprocessor_20250512_000452 - INFO - Encoding column 'loanStatus_cleaned' with 10 unique values
2025-05-12 00:05:03,685 - feature_preprocessor_20250512_000452 - INFO - LabelEncoder classes for 'loanStatus_cleaned': ['Charged Off' 'Collection' 'New Loan' 'Other' 'Paid Off']...
2025-05-12 00:05:03,686 - feature_preprocessor_20250512_000452 - INFO - Feature preprocessing completed in 8.09 seconds
